2024-05-11 20:55:50,433 - INFO - Starting update for website https://www.br4electricianconeyhall.co.uk/wp-admin ...
2024-05-11 20:56:09,784 - INFO - Database is imported successfully !
2024-05-11 20:56:17,000 - INFO - Finished updating sucessfully for website https://www.br4electricianconeyhall.co.uk/wp-admin !
2024-05-11 20:56:20,010 - INFO - Starting update for website https://www.br6electriciangreenstreetgreen.co.uk/wp-admin ...
2024-05-11 20:56:40,037 - INFO - Database is imported successfully !
2024-05-11 20:56:46,425 - INFO - Finished updating sucessfully for website https://www.br6electriciangreenstreetgreen.co.uk/wp-admin !
2024-05-11 20:56:49,429 - INFO - Starting update for website https://www.br6electricianprattsbottom.co.uk/wp-admin ...
2024-05-11 20:57:08,841 - INFO - Database is imported successfully !
2024-05-11 20:57:14,666 - INFO - Finished updating sucessfully for website https://www.br6electricianprattsbottom.co.uk/wp-admin !
2024-05-11 20:57:17,681 - INFO - Starting update for website https://www.cr0electricianbroadgreen.co.uk/wp-admin ...
2024-05-11 20:57:37,311 - INFO - Database is imported successfully !
2024-05-11 20:57:43,387 - INFO - Finished updating sucessfully for website https://www.cr0electricianbroadgreen.co.uk/wp-admin !
2024-05-11 20:57:46,393 - INFO - Starting update for website https://www.cr0electricianselhurst.co.uk/wp-admin ...
2024-05-11 20:58:05,884 - INFO - Database is imported successfully !
2024-05-11 20:58:12,137 - INFO - Finished updating sucessfully for website https://www.cr0electricianselhurst.co.uk/wp-admin !
2024-05-11 20:58:15,143 - INFO - Starting update for website https://www.cr5electricianclockhouse.co.uk/wp-admin ...
2024-05-11 20:58:42,113 - INFO - Database is imported successfully !
2024-05-11 20:58:49,442 - INFO - Finished updating sucessfully for website https://www.cr5electricianclockhouse.co.uk/wp-admin !
2024-05-11 20:58:52,453 - INFO - Starting update for website https://www.cr9electricianbeddington.co.uk/wp-admin ...
2024-05-11 20:59:13,501 - INFO - Database is imported successfully !
2024-05-11 20:59:22,831 - INFO - Finished updating sucessfully for website https://www.cr9electricianbeddington.co.uk/wp-admin !
2024-05-11 20:59:25,838 - INFO - Starting update for website https://www.da15electricianlamorbey.co.uk/wp-admin ...
2024-05-11 21:00:04,948 - INFO - Database is imported successfully !
2024-05-11 21:00:13,033 - INFO - Finished updating sucessfully for website https://www.da15electricianlamorbey.co.uk/wp-admin !
2024-05-11 21:00:16,037 - INFO - Starting update for website https://www.da17electricianbelvedere.co.uk/wp-admin ...
2024-05-11 21:00:37,571 - INFO - Database is imported successfully !
2024-05-11 21:00:46,102 - INFO - Finished updating sucessfully for website https://www.da17electricianbelvedere.co.uk/wp-admin !
2024-05-11 21:00:49,109 - INFO - Starting update for website https://www.da5electricianoldbexley.co.uk/wp-admin ...
2024-05-11 21:01:09,716 - INFO - Database is imported successfully !
2024-05-11 21:01:16,914 - INFO - Finished updating sucessfully for website https://www.da5electricianoldbexley.co.uk/wp-admin !
2024-05-11 21:01:19,918 - INFO - Starting update for website https://www.da7electricianwestheath.co.uk/wp-admin ...
2024-05-11 21:01:40,567 - INFO - Database is imported successfully !
2024-05-11 21:01:47,870 - INFO - Finished updating sucessfully for website https://www.da7electricianwestheath.co.uk/wp-admin !
2024-05-11 21:01:50,870 - INFO - Starting update for website https://www.e1welectricianshadwell.co.uk/wp-admin ...
2024-05-11 21:02:11,464 - INFO - Database is imported successfully !
2024-05-11 21:02:18,866 - INFO - Finished updating sucessfully for website https://www.e1welectricianshadwell.co.uk/wp-admin !
2024-05-11 21:02:21,869 - INFO - Starting update for website https://www.e3electricianmileend.co.uk/wp-admin ...
2024-05-11 21:02:41,849 - INFO - Database is imported successfully !
2024-05-11 21:02:48,345 - INFO - Finished updating sucessfully for website https://www.e3electricianmileend.co.uk/wp-admin !
2024-05-11 21:02:51,347 - INFO - Starting update for website https://www.e6electricianwallend.co.uk/wp-admin ...
2024-05-11 21:03:11,635 - INFO - Database is imported successfully !
2024-05-11 21:03:18,751 - INFO - Finished updating sucessfully for website https://www.e6electricianwallend.co.uk/wp-admin !
2024-05-11 21:03:21,758 - INFO - Starting update for website https://www.e7electricianforestgate.co.uk/wp-admin ...
2024-05-11 21:03:54,179 - INFO - Database is imported successfully !
2024-05-11 21:04:07,811 - INFO - Finished updating sucessfully for website https://www.e7electricianforestgate.co.uk/wp-admin !
2024-05-11 21:04:10,825 - INFO - Starting update for website https://www.ec3relectriciantower.co.uk/wp-admin ...
2024-05-11 21:04:31,881 - INFO - Database is imported successfully !
2024-05-11 21:04:39,371 - INFO - Finished updating sucessfully for website https://www.ec3relectriciantower.co.uk/wp-admin !
2024-05-11 21:04:42,383 - INFO - Starting update for website https://www.en5electricianarkley.co.uk/wp-admin ...
2024-05-11 21:05:04,259 - INFO - Database is imported successfully !
2024-05-11 21:05:15,334 - INFO - Finished updating sucessfully for website https://www.en5electricianarkley.co.uk/wp-admin !
2024-05-11 21:05:18,346 - INFO - Starting update for website https://www.en5electricianchippingbarnet.co.uk/wp-admin ...
2024-05-11 21:05:40,788 - INFO - Database is imported successfully !
2024-05-11 21:05:50,012 - INFO - Finished updating sucessfully for website https://www.en5electricianchippingbarnet.co.uk/wp-admin !
2024-05-11 21:05:53,025 - INFO - Starting update for website https://www.en5electricianhadley.co.uk/wp-admin ...
2024-05-11 21:06:13,980 - INFO - Database is imported successfully !
2024-05-11 21:06:23,548 - INFO - Finished updating sucessfully for website https://www.en5electricianhadley.co.uk/wp-admin !
2024-05-11 21:06:26,556 - INFO - Starting update for website https://www.en5electricianunderhill.co.uk/wp-admin ...
2024-05-11 21:06:48,245 - INFO - Database is imported successfully !
2024-05-11 21:06:56,247 - INFO - Finished updating sucessfully for website https://www.en5electricianunderhill.co.uk/wp-admin !
2024-05-11 21:06:59,260 - INFO - Starting update for website https://www.ha2electricianheadstone.co.uk/wp-admin ...
2024-05-11 21:07:17,871 - INFO - Failed to process https://www.ha2electricianheadstone.co.uk/wp-admin ( Website may be down)
2024-05-11 21:07:17,871 - INFO - Starting update for website https://www.ha3electriciankenton.co.uk/wp-admin ...
2024-05-11 21:07:39,380 - INFO - Database is imported successfully !
2024-05-11 21:07:46,296 - INFO - Finished updating sucessfully for website https://www.ha3electriciankenton.co.uk/wp-admin !
2024-05-11 21:07:49,303 - INFO - Starting update for website https://www.ha5electricianpinner.co.uk/wp-admin ...
2024-05-11 21:08:10,114 - INFO - Database is imported successfully !
2024-05-11 21:08:16,999 - INFO - Finished updating sucessfully for website https://www.ha5electricianpinner.co.uk/wp-admin !
2024-05-11 21:08:20,013 - INFO - Starting update for website https://www.ha7electricianqueensbury.co.uk/wp-admin ...
2024-05-11 21:08:43,544 - INFO - Database is imported successfully !
2024-05-11 21:08:50,870 - INFO - Finished updating sucessfully for website https://www.ha7electricianqueensbury.co.uk/wp-admin !
2024-05-11 21:08:53,877 - INFO - Starting update for website https://www.ha8electricianlittlestanmore.co.uk/wp-admin ...
2024-05-11 21:09:14,818 - INFO - Database is imported successfully !
2024-05-11 21:09:22,707 - INFO - Finished updating sucessfully for website https://www.ha8electricianlittlestanmore.co.uk/wp-admin !
2024-05-11 21:09:25,720 - INFO - Starting update for website https://www.ig4electricianredbridge.co.uk/wp-admin ...
2024-05-11 21:09:47,115 - INFO - Database is imported successfully !
2024-05-11 21:09:56,455 - INFO - Finished updating sucessfully for website https://www.ig4electricianredbridge.co.uk/wp-admin !
2024-05-11 21:09:59,465 - INFO - Starting update for website https://www.kt3electriciancoombe.co.uk/wp-admin ...
2024-05-11 21:10:18,782 - INFO - Database is imported successfully !
2024-05-11 21:10:24,566 - INFO - Finished updating sucessfully for website https://www.kt3electriciancoombe.co.uk/wp-admin !
2024-05-11 21:10:27,579 - INFO - Starting update for website https://www.nw4electricianbrentcross.co.uk/wp-admin ...
2024-05-11 21:10:47,103 - INFO - Database is imported successfully !
2024-05-11 21:10:52,952 - INFO - Finished updating sucessfully for website https://www.nw4electricianbrentcross.co.uk/wp-admin !
2024-05-11 21:10:55,952 - INFO - Starting update for website https://www.nw4electricianholdershill.co.uk/wp-admin ...
2024-05-11 21:11:14,390 - INFO - Database is imported successfully !
2024-05-11 21:11:20,760 - INFO - Finished updating sucessfully for website https://www.nw4electricianholdershill.co.uk/wp-admin !
2024-05-11 21:11:23,761 - INFO - Starting update for website https://www.rm6electricianchadwellheath.co.uk/wp-admin ...
2024-05-11 21:11:43,723 - INFO - Database is imported successfully !
2024-05-11 21:11:52,688 - INFO - Finished updating sucessfully for website https://www.rm6electricianchadwellheath.co.uk/wp-admin !
2024-05-11 21:11:55,704 - INFO - Starting update for website https://www.rm9electricianbecontree.co.uk/wp-admin ...
2024-05-11 21:12:14,381 - INFO - Database is imported successfully !
2024-05-11 21:12:21,593 - INFO - Finished updating sucessfully for website https://www.rm9electricianbecontree.co.uk/wp-admin !
2024-05-11 21:12:24,604 - INFO - Starting update for website https://www.se4electriciancroftonpark.co.uk/wp-admin ...
2024-05-11 21:12:44,733 - INFO - Database is imported successfully !
2024-05-11 21:12:51,916 - INFO - Finished updating sucessfully for website https://www.se4electriciancroftonpark.co.uk/wp-admin !
2024-05-11 21:12:54,926 - INFO - Starting update for website https://www.se5electriciankennington.co.uk/wp-admin ...
2024-05-11 21:13:17,345 - INFO - Database is imported successfully !
2024-05-11 21:13:24,987 - INFO - Finished updating sucessfully for website https://www.se5electriciankennington.co.uk/wp-admin !
2024-05-11 21:13:27,989 - INFO - Starting update for website https://www.se6electricianbellingham.co.uk/wp-admin ...
2024-05-11 21:13:49,611 - INFO - Database is imported successfully !
2024-05-11 21:13:58,274 - INFO - Finished updating sucessfully for website https://www.se6electricianbellingham.co.uk/wp-admin !
2024-05-11 21:14:01,280 - INFO - Starting update for website https://www.sw4electricianstockwell.co.uk/wp-admin ...
2024-05-11 21:14:24,388 - INFO - Database is imported successfully !
2024-05-11 21:14:32,813 - INFO - Finished updating sucessfully for website https://www.sw4electricianstockwell.co.uk/wp-admin !
2024-05-11 21:14:35,815 - INFO - Starting update for website https://www.ub3electricianharlington.co.uk/wp-admin ...
2024-05-11 21:14:57,169 - INFO - Database is imported successfully !
2024-05-11 21:15:05,882 - INFO - Finished updating sucessfully for website https://www.ub3electricianharlington.co.uk/wp-admin !
2024-05-11 21:15:08,891 - INFO - Starting update for website https://www.wc2eelectriciancoventgarden.co.uk/wp-admin ...
2024-05-11 21:15:33,839 - INFO - Database is imported successfully !
2024-05-11 21:15:40,787 - INFO - Finished updating sucessfully for website https://www.wc2eelectriciancoventgarden.co.uk/wp-admin !
2024-05-11 21:15:43,794 - INFO - Starting update for website https://www.wc2helectricianstgiles.co.uk/wp-admin ...
2024-05-11 21:16:06,179 - INFO - Database is imported successfully !
2024-05-11 21:16:13,106 - INFO - Finished updating sucessfully for website https://www.wc2helectricianstgiles.co.uk/wp-admin !
2024-05-11 21:16:16,114 - INFO - Starting update for website https://www.wc2nelectricianwhitehall.co.uk/wp-admin ...
2024-05-11 21:16:39,437 - INFO - Database is imported successfully !
2024-05-11 21:16:46,676 - INFO - Finished updating sucessfully for website https://www.wc2nelectricianwhitehall.co.uk/wp-admin !
